<?xml version="1.0" encoding="UTF-8"?>
<!-- Generated by org.testng.reporters.JUnitReportReporter -->
<testsuite hostname="SUDHIR-PC" name="githubsud.github" tests="1" failures="0" timestamp="23 Apr 2018 11:48:47 GMT" time="56.610" errors="0">
  <testcase name="git" time="56.610" classname="githubsud.github"/>
</testsuite> <!-- githubsud.github -->
